0 info it worked if it ends with ok
1 verbose cli [ 'node', '/usr/local/bin/npm', 'install' ]
2 info using npm@2.15.4
3 info using node@v0.10.29
4 verbose node symlink /usr/bin/node
5 verbose readDependencies loading dependencies from /home/pi/ac30web/package.json
6 warn package.json ac30web@1.0.0 No README data
7 verbose install where, deps [ '/home/pi/ac30web',
7 verbose install   [ 'body-parser',
7 verbose install     'express',
7 verbose install     'method-override',
7 verbose install     'mongoose',
7 verbose install     'morgan',
7 verbose install     'fs',
7 verbose install     'multer',
7 verbose install     'bootstrap-slider',
7 verbose install     'angular-bootstrap-slider' ] ]
8 verbose install where, peers [ '/home/pi/ac30web', [] ]
9 verbose installManyTop reading for lifecycle /home/pi/ac30web/package.json
10 info preinstall ac30web@1.0.0
11 verbose installManyTop reading scoped package data from /home/pi/ac30web/node_modules/angular-xeditable/package.json
12 verbose installManyTop reading scoped package data from /home/pi/ac30web/node_modules/body-parser/package.json
13 verbose installManyTop reading scoped package data from /home/pi/ac30web/node_modules/bootstrap-slider/package.json
14 verbose installManyTop reading scoped package data from /home/pi/ac30web/node_modules/express/package.json
15 verbose installManyTop reading scoped package data from /home/pi/ac30web/node_modules/fs/package.json
16 verbose installManyTop reading scoped package data from /home/pi/ac30web/node_modules/method-override/package.json
17 verbose installManyTop reading scoped package data from /home/pi/ac30web/node_modules/mongoose/package.json
18 verbose installManyTop reading scoped package data from /home/pi/ac30web/node_modules/morgan/package.json
19 verbose installManyTop reading scoped package data from /home/pi/ac30web/node_modules/multer/package.json
20 verbose installManyTop reading scoped package data from /home/pi/ac30web/node_modules/sockjs/package.json
21 info package.json fs@0.0.2 fs is also the name of a node core module.
22 info package.json fs@0.0.2 No description
23 info package.json fs@0.0.2 No repository field.
24 info package.json fs@0.0.2 No README data
25 verbose readDependencies loading dependencies from /home/pi/ac30web/package.json
26 verbose targetResolver reading package data from /home/pi/ac30web/node_modules/angular-xeditable/package.json
27 verbose targetResolver reading package data from /home/pi/ac30web/node_modules/body-parser/package.json
28 verbose targetResolver reading package data from /home/pi/ac30web/node_modules/bootstrap-slider/package.json
29 verbose targetResolver reading package data from /home/pi/ac30web/node_modules/express/package.json
30 verbose targetResolver reading package data from /home/pi/ac30web/node_modules/fs/package.json
31 verbose targetResolver reading package data from /home/pi/ac30web/node_modules/method-override/package.json
32 verbose targetResolver reading package data from /home/pi/ac30web/node_modules/mongoose/package.json
33 verbose targetResolver reading package data from /home/pi/ac30web/node_modules/morgan/package.json
34 verbose targetResolver reading package data from /home/pi/ac30web/node_modules/multer/package.json
35 verbose targetResolver reading package data from /home/pi/ac30web/node_modules/sockjs/package.json
36 verbose already installed skipping multer@^1.1.0 /home/pi/ac30web
37 verbose already installed skipping bootstrap-slider@^9.7.0 /home/pi/ac30web
38 silly cache add args [ 'angular-bootstrap-slider@^0.1.26', null ]
39 verbose cache add spec angular-bootstrap-slider@^0.1.26
40 silly cache add parsed spec { raw: 'angular-bootstrap-slider@^0.1.26',
40 silly cache add   scope: null,
40 silly cache add   name: 'angular-bootstrap-slider',
40 silly cache add   rawSpec: '^0.1.26',
40 silly cache add   spec: '>=0.1.26 <0.2.0',
40 silly cache add   type: 'range' }
41 silly addNamed angular-bootstrap-slider@>=0.1.26 <0.2.0
42 verbose addNamed ">=0.1.26 <0.2.0" is a valid semver range for angular-bootstrap-slider
43 silly addNameRange { name: 'angular-bootstrap-slider',
43 silly addNameRange   range: '>=0.1.26 <0.2.0',
43 silly addNameRange   hasData: false }
44 silly mapToRegistry name angular-bootstrap-slider
45 silly mapToRegistry using default registry
46 silly mapToRegistry registry https://registry.npmjs.org/
47 silly mapToRegistry data { raw: 'angular-bootstrap-slider',
47 silly mapToRegistry   scope: null,
47 silly mapToRegistry   name: 'angular-bootstrap-slider',
47 silly mapToRegistry   rawSpec: '',
47 silly mapToRegistry   spec: 'latest',
47 silly mapToRegistry   type: 'tag' }
48 silly mapToRegistry uri https://registry.npmjs.org/angular-bootstrap-slider
49 verbose addNameRange registry:https://registry.npmjs.org/angular-bootstrap-slider not in flight; fetching
50 verbose already installed skipping body-parser@^1.4.3 /home/pi/ac30web
51 verbose already installed skipping express@^4.13.4 /home/pi/ac30web
52 verbose already installed skipping method-override@^2.1.3 /home/pi/ac30web
53 verbose already installed skipping mongoose@^4.4.12 /home/pi/ac30web
54 verbose already installed skipping morgan@^1.1.1 /home/pi/ac30web
55 verbose already installed skipping fs@^0.0.2 /home/pi/ac30web
56 verbose request uri https://registry.npmjs.org/angular-bootstrap-slider
57 verbose request no auth needed
58 info attempt registry request try #1 at 15:49:41
59 verbose request id fc5b91aa16aa73d0
60 verbose etag W/"56b4bfc2-1b6"
61 verbose lastModified Fri, 05 Feb 2016 15:29:06 GMT
62 http request GET https://registry.npmjs.org/angular-bootstrap-slider
63 http 304 https://registry.npmjs.org/angular-bootstrap-slider
64 verbose headers { date: 'Sat, 14 Jan 2017 15:49:41 GMT',
64 verbose headers   via: '1.1 varnish',
64 verbose headers   'cache-control': 'max-age=300',
64 verbose headers   etag: 'W/"56b4bfc2-1b6"',
64 verbose headers   age: '41',
64 verbose headers   connection: 'keep-alive',
64 verbose headers   'x-served-by': 'cache-lcy1133-LCY',
64 verbose headers   'x-cache': 'HIT',
64 verbose headers   'x-cache-hits': '1',
64 verbose headers   'x-timer': 'S1484408981.937108,VS0,VE0',
64 verbose headers   vary: 'Accept-Encoding' }
65 silly get cb [ 304,
65 silly get   { date: 'Sat, 14 Jan 2017 15:49:41 GMT',
65 silly get     via: '1.1 varnish',
65 silly get     'cache-control': 'max-age=300',
65 silly get     etag: 'W/"56b4bfc2-1b6"',
65 silly get     age: '41',
65 silly get     connection: 'keep-alive',
65 silly get     'x-served-by': 'cache-lcy1133-LCY',
65 silly get     'x-cache': 'HIT',
65 silly get     'x-cache-hits': '1',
65 silly get     'x-timer': 'S1484408981.937108,VS0,VE0',
65 silly get     vary: 'Accept-Encoding' } ]
66 verbose etag https://registry.npmjs.org/angular-bootstrap-slider from cache
67 verbose get saving angular-bootstrap-slider to /home/pi/.npm/registry.npmjs.org/angular-bootstrap-slider/.cache.json
68 verbose correctMkdir /home/pi/.npm correctMkdir not in flight; initializing
69 silly addNameRange number 2 { name: 'angular-bootstrap-slider',
69 silly addNameRange   range: '>=0.1.26 <0.2.0',
69 silly addNameRange   hasData: true }
70 silly addNameRange versions [ 'angular-bootstrap-slider', [] ]
71 verbose type non_object_property_load
72 verbose stack TypeError: Cannot read property 'latest' of undefined
72 verbose stack     at next (/usr/local/lib/node_modules/npm/lib/cache/add-named.js:248:35)
72 verbose stack     at setData (/usr/local/lib/node_modules/npm/lib/cache/add-named.js:236:5)
72 verbose stack     at RES (/usr/local/lib/node_modules/npm/node_modules/inflight/inflight.js:23:14)
72 verbose stack     at f (/usr/local/lib/node_modules/npm/node_modules/once/once.js:17:25)
72 verbose stack     at fixName (/usr/local/lib/node_modules/npm/lib/cache/add-named.js:29:5)
72 verbose stack     at saved (/usr/local/lib/node_modules/npm/lib/cache/caching-client.js:173:7)
72 verbose stack     at /usr/local/lib/node_modules/npm/node_modules/graceful-fs/polyfills.js:210:7
72 verbose stack     at Object.oncomplete (fs.js:107:15)
73 verbose cwd /home/pi/ac30web
74 error Linux 4.1.19-v7+
75 error argv "node" "/usr/local/bin/npm" "install"
76 error node v0.10.29
77 error npm  v2.15.4
78 error Cannot read property 'latest' of undefined
79 error If you need help, you may report this error at:
79 error     <https://github.com/npm/npm/issues>
80 verbose exit [ 1, true ]
